** Message: 23:36:53.296: environement.vala:58: Exporting primary_variable
** Message: 23:36:53.296: environement.vala:59: desktop_environnement XDG_CURRENT_DESKTOP
** Message: 23:36:53.296: environement.vala:150: confir_dirs is null, export : /etc/xdg
** Message: 23:36:53.296: environement.vala:184: Exporting XDG_CONFIG_DIRS
** Message: 23:36:53.296: environement.vala:218: custom_data :
** Message: 23:36:53.297: environement.vala:219: data_dirs :/usr/share/fkms:/usr/local/share:/usr/share/raspi-ui-overrides:/usr/share:/usr/share/gdm:/var/lib/menu-xdg
** Message: 23:36:53.297: environement.vala:220: data_dirs not null, export : /usr/share/fkms:/usr/local/share:/usr/share/raspi-ui-overrides:/usr/share:/usr/share/gdm:/var/lib/menu-xdg
** Message: 23:36:53.297: environement.vala:225: Exporting XDG_DATA_DIRS
** Message: 23:36:53.297: utils.vala:138: Config system location : /etc/xdg/lxsession/LXDE-pi
** Message: 23:36:53.298: utils.vala:144: System system path location : /etc/xdg/lxsession/LXDE-pi/desktop.conf
** Message: 23:36:53.298: utils.vala:148: Final file used : /etc/xdg/lxsession/LXDE-pi/desktop.conf
** Message: 23:36:53.298: utils.vala:39: Config system location : /etc/xdg/lxsession/LXDE-pi
** Message: 23:36:53.298: utils.vala:45: System system path location : /etc/xdg/lxsession/LXDE-pi/desktop.conf

** (lxsession:793): WARNING **: 23:36:53.299: utils.vala:70: No such file or directory
** Message: 23:36:53.299: settings.vala:540: Key file does not have key ?iGtk/ColorScheme? in group ?GTK?
** Message: 23:36:53.299: settings.vala:540: Key file does not have key ?windows_manager/command? in group ?Session?
** Message: 23:36:53.300: settings.vala:540: Key file does not have key ?panel/command? in group ?Session?
** Message: 23:36:53.300: settings.vala:540: Key file does not have key ?dock/command? in group ?Session?
** Message: 23:36:53.300: settings.vala:540: Key file does not have key ?file_manager/command? in group ?Session?
** Message: 23:36:53.300: settings.vala:540: Key file does not have key ?desktop_manager/command? in group ?Session?
** Message: 23:36:53.300: settings.vala:540: Key file does not have key ?launcher_manager/autostart? in group ?Session?
** Message: 23:36:53.300: settings.vala:540: Key file does not have key ?composite_manager/command? in group ?Session?
** Message: 23:36:53.300: settings.vala:540: Key file does not have key ?im1/command? in group ?Session?
** Message: 23:36:53.300: settings.vala:540: Key file does not have key ?im2/command? in group ?Session?
** Message: 23:36:53.300: settings.vala:540: Key file does not have key ?widget1/command? in group ?Session?
** Message: 23:36:53.300: settings.vala:540: Key file does not have key ?notification/command? in group ?Session?
** Message: 23:36:53.300: settings.vala:540: Key file does not have key ?keybindings/command? in group ?Session?
** Message: 23:36:53.300: settings.vala:540: Key file does not have key ?im_manager/command? in group ?Session?
** Message: 23:36:53.300: settings.vala:540: Key file does not have key ?screensaver/command? in group ?Session?
** Message: 23:36:53.300: settings.vala:540: Key file does not have key ?power_manager/command? in group ?Session?
** Message: 23:36:53.301: settings.vala:540: Key file does not have key ?audio_manager/command? in group ?Session?
** Message: 23:36:53.301: settings.vala:540: Key file does not have key ?workspace_manager/command? in group ?Session?
** Message: 23:36:53.301: settings.vala:540: Key file does not have key ?screenshot_manager/command? in group ?Session?
** Message: 23:36:53.301: settings.vala:540: Key file does not have key ?message_manager/command? in group ?Session?
** Message: 23:36:53.301: settings.vala:540: Key file does not have key ?upgrade_manager/command? in group ?Session?
** Message: 23:36:53.301: settings.vala:540: Key file does not have key ?updates_manager/command? in group ?Session?
** Message: 23:36:53.301: settings.vala:540: Key file does not have key ?updates_manager/timeout? in group ?Session?
** Message: 23:36:53.301: settings.vala:540: Key file does not have key ?crash_manager/command? in group ?Session?
** Message: 23:36:53.301: settings.vala:540: Key file does not have key ?crash_manager/dev_mode? in group ?Session?
** Message: 23:36:53.301: settings.vala:540: Key file does not have key ?crash_manager/timeout? in group ?Session?
** Message: 23:36:53.302: settings.vala:540: Key file does not have key ?upstart_user_session? in group ?Session?
** Message: 23:36:53.302: settings.vala:540: Key file does not have key ?proxy_manager/http? in group ?Session?
** Message: 23:36:53.302: settings.vala:540: Key file does not have key ?a11y/command? in group ?Session?
** Message: 23:36:53.302: settings.vala:540: Key file does not have key ?xrandr/command? in group ?Session?
** Message: 23:36:53.302: settings.vala:540: Key file does not have key ?network_gui/command? in group ?Session?
** Message: 23:36:53.302: settings.vala:540: Key file does not have key ?webbrowser/command? in group ?Session?
** Message: 23:36:53.302: settings.vala:540: Key file does not have key ?email/command? in group ?Session?
** Message: 23:36:53.302: settings.vala:540: Key file does not have key ?pdf_reader/command? in group ?Session?
** Message: 23:36:53.302: settings.vala:540: Key file does not have key ?video_player/command? in group ?Session?
** Message: 23:36:53.302: settings.vala:540: Key file does not have key ?audio_player/command? in group ?Session?
** Message: 23:36:53.302: settings.vala:540: Key file does not have key ?image_display/command? in group ?Session?
** Message: 23:36:53.302: settings.vala:540: Key file does not have key ?text_editor/command? in group ?Session?
** Message: 23:36:53.302: settings.vala:540: Key file does not have key ?archive/command? in group ?Session?
** Message: 23:36:53.303: settings.vala:540: Key file does not have key ?charmap/command? in group ?Session?
** Message: 23:36:53.303: settings.vala:540: Key file does not have key ?calculator/command? in group ?Session?
** Message: 23:36:53.303: settings.vala:540: Key file does not have key ?spreadsheet/command? in group ?Session?
** Message: 23:36:53.303: settings.vala:540: Key file does not have key ?bittorent/command? in group ?Session?
** Message: 23:36:53.303: settings.vala:540: Key file does not have key ?document/command? in group ?Session?
** Message: 23:36:53.303: settings.vala:540: Key file does not have key ?webcam/command? in group ?Session?
** Message: 23:36:53.303: settings.vala:540: Key file does not have key ?burn/command? in group ?Session?
** Message: 23:36:53.303: settings.vala:540: Key file does not have key ?notes/command? in group ?Session?
** Message: 23:36:53.303: settings.vala:540: Key file does not have key ?disk_utility/command? in group ?Session?
** Message: 23:36:53.303: settings.vala:540: Key file does not have key ?tasks/command? in group ?Session?
** Message: 23:36:53.303: settings.vala:540: Key file does not have group ?Keymap?
** Message: 23:36:53.303: settings.vala:540: Key file does not have key ?laptop_mode? in group ?State?
** Message: 23:36:53.303: settings.vala:540: Key file does not have key ?gnome? in group ?Dbus?
** Message: 23:36:53.303: settings.vala:540: Key file does not have key ?type? in group ?Environment?
** Message: 23:36:53.304: settings.vala:540: Key file does not have key ?ubuntu_menuproxy? in group ?Environment?
** Message: 23:36:53.304: settings.vala:540: Key file does not have key ?toolkit_integration? in group ?Environment?
** Message: 23:36:53.304: settings.vala:540: Key file does not have key ?gtk/overlay_scrollbar_disable? in group ?Environment?
** Message: 23:36:53.304: settings.vala:540: Key file does not have key ?qt/force_theme? in group ?Environment?
** Message: 23:36:53.304: settings.vala:540: Key file does not have key ?qt/platform? in group ?Environment?
** Message: 23:36:53.304: settings.vala:462: Monitoring: /etc/xdg/lxsession/LXDE-pi/desktop.conf
** Message: 23:36:53.304: settings.vala:470: Desktop file is not in config home, monitoring creation of it
** Message: 23:36:53.305: settings.vala:485: Monitoring home path: /home/donghoon/.config/lxsession/LXDE-pi/desktop.conf
** Message: 23:36:53.305: environement.vala:79: Exporting variable
** Message: 23:36:53.305: environement.vala:80: desktop_environnement XDG_CURRENT_DESKTOP
** Message: 23:36:53.305: environement.vala:177: custom_config :
** Message: 23:36:53.305: environement.vala:178: config_dirs :/etc/xdg
** Message: 23:36:53.305: environement.vala:179: confir_dirs not null, export : /etc/xdg
** Message: 23:36:53.305: environement.vala:184: Exporting XDG_CONFIG_DIRS
** Message: 23:36:53.305: environement.vala:218: custom_data :
** Message: 23:36:53.305: environement.vala:219: data_dirs :/usr/share/fkms:/usr/local/share:/usr/share/raspi-ui-overrides:/usr/share:/usr/share/gdm:/var/lib/menu-xdg
** Message: 23:36:53.305: environement.vala:220: data_dirs not null, export : /usr/share/fkms:/usr/local/share:/usr/share/raspi-ui-overrides:/usr/share:/usr/share/gdm:/var/lib/menu-xdg
** Message: 23:36:53.305: environement.vala:225: Exporting XDG_DATA_DIRS
** Message: 23:36:53.305: utils.vala:39: Config system location : /etc/xdg/lxsession/LXDE-pi
** Message: 23:36:53.306: utils.vala:45: System system path location : /etc/xdg/lxsession/LXDE-pi/desktop.conf

** (lxsession:793): WARNING **: 23:36:53.306: utils.vala:70: No such file or directory
** Message: 23:36:53.306: environement.vala:254: No entry in [Environment_variable]. Key file does not have group ?Environment_variable?

** (lxsession:793): WARNING **: 23:36:53.311: process.vala:49: Failed to execute child process ?xprop? (No such file or directory)

** (lxsession:793): WARNING **: 23:36:53.311: process.vala:50: Error when launching xprop
** Message: 23:36:53.311: utils.vala:138: Config system location : /etc/xdg/lxsession/LXDE-pi
** Message: 23:36:53.311: utils.vala:144: System system path location : /etc/xdg/lxsession/LXDE-pi/conffiles.conf
** Message: 23:36:53.311: utils.vala:148: Final file used : /etc/xdg/lxsession/LXDE-pi/conffiles.conf
** Message: 23:36:53.312: options.vala:164: Activate xsettings_manager build-in
** Message: 23:36:53.312: utils.vala:39: Config system location : /etc/xdg/lxsession/LXDE-pi
** Message: 23:36:53.312: utils.vala:45: System system path location : /etc/xdg/lxsession/LXDE-pi/desktop.conf

** (lxsession:793): WARNING **: 23:36:53.312: utils.vala:70: No such file or directory
** Message: 23:36:53.334: app.vala:728: polkit separate
** Message: 23:36:53.335: app.vala:728: polkit separate
** Message: 23:36:53.348: app.vala:76: Launching lxpolkit 
** Message: 23:36:53.348: utils.vala:138: Config system location : /etc/xdg/lxsession/LXDE-pi
** Message: 23:36:53.348: utils.vala:144: System system path location : /etc/xdg/lxsession/LXDE-pi/autostart
** Message: 23:36:53.348: utils.vala:148: Final file used : /etc/xdg/lxsession/LXDE-pi/autostart
** Message: 23:36:53.348: autostart.vala:42: Autostart path : /etc/xdg/lxsession/LXDE-pi/autostart
** Message: 23:36:53.370: app.vala:76: Launching lxpanel 
** Message: 23:36:53.383: app.vala:76: Launching pcmanfm 

** (lxsession:793): WARNING **: 23:36:53.389: app.vala:86: Failed to execute child process ?xscreensaver? (No such file or directory)

** (lxsession:793): WARNING **: 23:36:53.390: app.vala:87: Error when launching xscreensaver
** Message: 23:36:53.398: options.vala:107: Create build-in Clipboard
** Message: 23:36:53.400: main.vala:450: Check keymap_mode (null)
** Message: 23:36:53.410: app.vala:76: Launching /usr/bin/ssh-agent 
SSH_AUTH_SOCK=/tmp/ssh-zHDMqPkYul7d/agent.970; export SSH_AUTH_SOCK;
SSH_AGENT_PID=987; export SSH_AGENT_PID;
echo Agent pid 987;
** Message: 23:36:53.687: app.vala:130: /usr/bin/ssh-agent exit with this type of exit: 0
Openbox-Message: Unable to find a valid menu file "/usr/share/lxde/openbox/menu.xml"
** Message: 23:36:54.599: x-terminal-emulator has very limited support, consider choosing another terminal

** (pcmanfm:965): WARNING **: 23:36:54.603: The directory '/home/donghoon/Templates' doesn't exist, ignoring it
** Message: 23:36:54.731: x-terminal-emulator has very limited support, consider choosing another terminal

** (lxpanel:964): WARNING **: 23:36:54.735: The directory '/home/donghoon/Templates' doesn't exist, ignoring it
grep: /home/donghoon/.config/lxpanel/LXDE-pi/panels/*: No such file or directory
** Message: 23:36:55.838: netman: network manager service not running; plugin hidden
** Message: 23:36:55.872: Connecting ...
** Message: 23:36:55.873: Status changed to down

** (lxpanel:964): CRITICAL **: 23:36:55.873: dhcpcd_open: Inappropriate ioctl for device
** Message: 23:36:56.092: ptbatt: battery 0 not found
** Message: 23:36:56.611: up: Checking for updates
** Message: 23:36:56.874: Status changed to opened
** Message: 23:36:56.874: Connected to dhcpcd-8.1.2
** Message: 23:36:56.875: Status changed to connected
** Message: 23:36:56.875: eth0: Link is down
** Message: 23:36:56.875: wlan0: Associated with Roboin
** Message: 23:36:56.875: wlan0: Configured 192.168.0.194/24
** Message: 23:36:56.878: wlan0: WPA status connected
** Message: 23:36:59.845: up: Cache updated - comparing versions
/usr/share/system-config-printer/applet.py:364: Warning: Source ID 11 was not found when attempting to remove it
  GLib.source_remove (self.timer)
** Message: 23:37:04.997: up: Check complete - no updates available

(pcmanfm:965): Gtk-WARNING **: 23:39:52.196: Theme parsing error: <data>:2:27: The style property GtkWidget:focus-padding is deprecated and shouldn't be used anymore. It will be removed in a future version

(pcmanfm:965): Gtk-WARNING **: 23:39:52.196: Theme parsing error: <data>:3:30: The style property GtkWidget:focus-line-width is deprecated and shouldn't be used anymore. It will be removed in a future version

(pcmanfm:965): Gtk-WARNING **: 23:40:23.863: gtk_menu_detach(): menu is not attached

(pcmanfm:965): Gtk-WARNING **: 00:03:26.490: gtk_menu_detach(): menu is not attached
